0 info it worked if it ends with ok
1 verbose cli [ 'D:\\MyEnvironment\\nodejs\\node.exe',
1 verbose cli   'D:\\MyEnvironment\\nodejs\\node_modules\\npm\\bin\\npm-cli.js',
1 verbose cli   'run',
1 verbose cli   'start' ]
2 info using npm@4.1.2
3 info using node@v7.7.3
4 verbose stack Error: Failed to parse json
4 verbose stack Trailing comma in object at 10:3
4 verbose stack   },
4 verbose stack   ^
4 verbose stack     at parseError (D:\MyEnvironment\nodejs\node_modules\npm\node_modules\read-package-json\read-json.js:390:11)
4 verbose stack     at parseJson (D:\MyEnvironment\nodejs\node_modules\npm\node_modules\read-package-json\read-json.js:79:23)
4 verbose stack     at D:\MyEnvironment\nodejs\node_modules\npm\node_modules\read-package-json\read-json.js:48:5
4 verbose stack     at D:\MyEnvironment\nodejs\node_modules\npm\node_modules\graceful-fs\graceful-fs.js:78:16
4 verbose stack     at tryToString (fs.js:448:3)
4 verbose stack     at FSReqWrap.readFileAfterClose [as oncomplete] (fs.js:435:12)
5 verbose cwd D:\Source\jsWeb\expressJS\2017-05-30_lab-part-4_expressJs-view-engines
6 error Windows_NT 10.0.14393
7 error argv "D:\\MyEnvironment\\nodejs\\node.exe" "D:\\MyEnvironment\\nodejs\\node_modules\\npm\\bin\\npm-cli.js" "run" "start"
8 error node v7.7.3
9 error npm  v4.1.2
10 error file D:\Source\jsWeb\expressJS\2017-05-30_lab-part-4_expressJs-view-engines\package.json
11 error code EJSONPARSE
12 error Failed to parse json
12 error Trailing comma in object at 10:3
12 error   },
12 error   ^
13 error File: D:\Source\jsWeb\expressJS\2017-05-30_lab-part-4_expressJs-view-engines\package.json
14 error Failed to parse package.json data.
14 error package.json must be actual JSON, not just JavaScript.
14 error
14 error This is not a bug in npm.
14 error Tell the package author to fix their package.json file. JSON.parse
15 verbose exit [ 1, true ]
